INFO     [2022-09-18 16:17:46,614] Starting Reciever1
INFO     [2022-09-18 16:17:46,614] Starting Reciever2
INFO     [2022-09-18 16:17:46,623] Reciever1 Started
INFO     [2022-09-18 16:17:46,627] Reciever2 Started
INFO     [2022-09-18 16:21:41,665] Starting Reciever1
INFO     [2022-09-18 16:21:41,665] Starting Reciever2
INFO     [2022-09-18 16:21:41,673] Reciever1 Started
INFO     [2022-09-18 16:21:41,675] Reciever2 Started
INFO     [2022-09-18 16:21:47,646] Starting Reciever1
INFO     [2022-09-18 16:21:47,646] Starting Reciever2
INFO     [2022-09-18 16:21:47,655] Reciever1 Started
INFO     [2022-09-18 16:21:47,656] Reciever2 Started
INFO     [2022-09-18 16:22:20,091] SMS Recieved: {'destination_addr': '2424', 'sequence': 271825398, 'source_addr': '96877007689', 'short_message': 'Ghhgs', 'receipted_message_id': 'None', 'status': 'response'}
INFO     [2022-09-18 16:24:28,441] SMS Recieved: {'destination_addr': '2424', 'sequence': 628134846, 'source_addr': '96891148404', 'short_message': 'id:0628134846 sub:000 dlvrd:000 submit date:2209181624 done date:2209181624 stat:DELIVRD err:000 Text:\nAre \n1\n2\n3\nyou \n1\n2', 'receipted_message_id': '0628134846', 'status': 'DELIVRD'}
INFO     [2022-09-18 16:24:29,441] SMS Recieved: {'destination_addr': '2424', 'sequence': 395142582, 'source_addr': '96877007708', 'short_message': 'id:0395142582 sub:000 dlvrd:000 submit date:7001010400 done date:2209181624 stat:DELIVRD err:000 Text:', 'receipted_message_id': '0395142582', 'status': 'DELIVRD'}
INFO     [2022-09-18 16:24:29,458] SMS Recieved: {'destination_addr': '2424', 'sequence': 628134849, 'source_addr': '96893208086', 'short_message': 'id:0628134849 sub:000 dlvrd:000 submit date:2209181624 done date:2209181624 stat:DELIVRD err:000 Text:', 'receipted_message_id': '0628134849', 'status': 'DELIVRD'}
INFO     [2022-09-18 16:24:30,441] SMS Recieved: {'destination_addr': '2424', 'sequence': 628134848, 'source_addr': '96877007474', 'short_message': 'id:0628134848 sub:000 dlvrd:000 submit date:2209181624 done date:2209181624 stat:DELIVRD err:000 Text:\nAre \n1\n2\n3\nyou \n1\n2', 'receipted_message_id': '0628134848', 'status': 'DELIVRD'}
INFO     [2022-09-18 16:24:52,262] SMS Recieved: {'destination_addr': '2424', 'sequence': 395142664, 'source_addr': '96877007708', 'short_message': 'Yes18 Sep 2022 at 16:24', 'receipted_message_id': 'None', 'status': 'response'}
INFO     [2022-09-18 16:25:01,271] SMS Recieved: {'destination_addr': '2424', 'sequence': 628134853, 'source_addr': '96877007708', 'short_message': 'id:0628134853 sub:000 dlvrd:000 submit date:7001010400 done date:2209181625 stat:DELIVRD err:000 Text:', 'receipted_message_id': '0628134853', 'status': 'DELIVRD'}
INFO     [2022-09-18 16:25:02,271] SMS Recieved: {'destination_addr': '2424', 'sequence': 395142717, 'source_addr': '96891148404', 'short_message': 'id:0395142717 sub:000 dlvrd:000 submit date:2209181625 done date:2209181625 stat:DELIVRD err:000 Text:\nAre \n1\n2\n3\nyou \n1\n2', 'receipted_message_id': '0395142717', 'status': 'DELIVRD'}
INFO     [2022-09-18 16:25:02,295] SMS Recieved: {'destination_addr': '2424', 'sequence': 395142719, 'source_addr': '96877007474', 'short_message': 'id:0395142719 sub:000 dlvrd:000 submit date:2209181625 done date:2209181625 stat:DELIVRD err:000 Text:\nAre \n1\n2\n3\nyou \n1\n2', 'receipted_message_id': '0395142719', 'status': 'DELIVRD'}
INFO     [2022-09-18 16:25:03,672] SMS Recieved: {'destination_addr': '2424', 'sequence': 395142720, 'source_addr': '96893208086', 'short_message': 'id:0395142720 sub:000 dlvrd:000 submit date:2209181625 done date:2209181625 stat:DELIVRD err:000 Text:', 'receipted_message_id': '0395142720', 'status': 'DELIVRD'}
INFO     [2022-09-18 16:25:25,424] SMS Recieved: {'destination_addr': '2424', 'sequence': 536971200, 'source_addr': '96891148404', 'short_message': 'Hi', 'receipted_message_id': 'None', 'status': 'response'}
INFO     [2022-09-18 16:27:23,533] SMS Recieved: {'destination_addr': '2424', 'sequence': 271826487, 'source_addr': '96877007689', 'short_message': 'Yes', 'receipted_message_id': 'None', 'status': 'response'}
INFO     [2022-09-18 16:30:52,508] SMS Recieved: {'destination_addr': '2424', 'sequence': 339376641, 'source_addr': '96899252667', 'short_message': 'Yes ', 'receipted_message_id': 'None', 'status': 'response'}
INFO     [2022-09-18 16:38:44,318] SMS Recieved: {'destination_addr': '2424', 'sequence': 395145894, 'source_addr': '96877007708', 'short_message': 'id:0395145894 sub:000 dlvrd:000 submit date:7001010400 done date:2209181638 stat:DELIVRD err:000 Text:', 'receipted_message_id': '0395145894', 'status': 'DELIVRD'}
INFO     [2022-09-18 16:38:44,334] SMS Recieved: {'destination_addr': '2424', 'sequence': 628134910, 'source_addr': '96891148404', 'short_message': 'id:0628134910 sub:000 dlvrd:000 submit date:2209181638 done date:2209181638 stat:DELIVRD err:000 Text:\nAre \n1\n2\n3\nyou \n1\n2', 'receipted_message_id': '0628134910', 'status': 'DELIVRD'}
INFO     [2022-09-18 16:38:45,317] SMS Recieved: {'destination_addr': '2424', 'sequence': 628134912, 'source_addr': '96877007474', 'short_message': 'id:0628134912 sub:000 dlvrd:000 submit date:2209181638 done date:2209181638 stat:DELIVRD err:000 Text:\nAre \n1\n2\n3\nyou \n1\n2', 'receipted_message_id': '0628134912', 'status': 'DELIVRD'}
INFO     [2022-09-18 16:38:45,331] SMS Recieved: {'destination_addr': '2424', 'sequence': 628134913, 'source_addr': '96893208086', 'short_message': 'id:0628134913 sub:000 dlvrd:000 submit date:2209181638 done date:2209181638 stat:DELIVRD err:000 Text:', 'receipted_message_id': '0628134913', 'status': 'DELIVRD'}
INFO     [2022-09-18 16:40:00,767] SMS Recieved: {'destination_addr': '2424', 'sequence': 536971467, 'source_addr': '96891148404', 'short_message': 'Yra', 'receipted_message_id': 'None', 'status': 'response'}
INFO     [2022-09-18 16:41:59,449] SMS Recieved: {'destination_addr': '2424', 'sequence': 271829863, 'source_addr': '96877007689', 'short_message': 'T', 'receipted_message_id': 'None', 'status': 'response'}
INFO     [2022-09-18 16:42:41,460] SMS Recieved: {'destination_addr': '2424', 'sequence': 339376721, 'source_addr': '96899252667', 'short_message': '\x06F\x069\x06E\x00 ', 'receipted_message_id': 'None', 'status': 'response'}
INFO     [2022-09-18 16:44:07,925] SMS Recieved: {'destination_addr': '2424', 'sequence': 395147592, 'source_addr': '96891148404', 'short_message': 'id:0395147592 sub:000 dlvrd:000 submit date:2209181644 done date:2209181644 stat:DELIVRD err:000 Text:\nAre \n1\n2\n3\nyou \n1\n2', 'receipted_message_id': '0395147592', 'status': 'DELIVRD'}
INFO     [2022-09-18 16:44:07,940] SMS Recieved: {'destination_addr': '2424', 'sequence': 628134950, 'source_addr': '96877007708', 'short_message': 'id:0628134950 sub:000 dlvrd:000 submit date:7001010400 done date:2209181644 stat:DELIVRD err:000 Text:', 'receipted_message_id': '0628134950', 'status': 'DELIVRD'}
INFO     [2022-09-18 16:44:09,526] SMS Recieved: {'destination_addr': '2424', 'sequence': 395147594, 'source_addr': '96877007474', 'short_message': 'id:0395147594 sub:000 dlvrd:000 submit date:2209181644 done date:2209181644 stat:DELIVRD err:000 Text:\nAre \n1\n2\n3\nyou \n1\n2', 'receipted_message_id': '0395147594', 'status': 'DELIVRD'}
INFO     [2022-09-18 16:44:27,688] SMS Recieved: {'destination_addr': '2424', 'sequence': 269902379, 'source_addr': '96877007607', 'short_message': 'Yes', 'receipted_message_id': 'None', 'status': 'response'}
INFO     [2022-09-18 16:47:26,006] SMS Recieved: {'destination_addr': '2424', 'sequence': 269902712, 'source_addr': '96877007689', 'short_message': 'Ghh', 'receipted_message_id': 'None', 'status': 'response'}
INFO     [2022-09-18 16:49:27,797] SMS Recieved: {'destination_addr': '2424', 'sequence': 628134976, 'source_addr': '96891148404', 'short_message': 'id:0628134976 sub:000 dlvrd:000 submit date:2209181649 done date:2209181649 stat:DELIVRD err:000 Text:\nAre \n1\n2\n3\nyou \n1\n2', 'receipted_message_id': '0628134976', 'status': 'DELIVRD'}
INFO     [2022-09-18 16:49:27,811] SMS Recieved: {'destination_addr': '2424', 'sequence': 395148858, 'source_addr': '96877007708', 'short_message': 'id:0395148858 sub:000 dlvrd:000 submit date:7001010400 done date:2209181649 stat:DELIVRD err:000 Text:', 'receipted_message_id': '0395148858', 'status': 'DELIVRD'}
INFO     [2022-09-18 16:49:28,796] SMS Recieved: {'destination_addr': '2424', 'sequence': 628134978, 'source_addr': '96877007474', 'short_message': 'id:0628134978 sub:000 dlvrd:000 submit date:2209181649 done date:2209181649 stat:DELIVRD err:000 Text:\nAre \n1\n2\n3\nyou \n1\n2', 'receipted_message_id': '0628134978', 'status': 'DELIVRD'}
INFO     [2022-09-18 16:49:41,509] SMS Recieved: {'destination_addr': '2424', 'sequence': 395148897, 'source_addr': '96877007708', 'short_message': 'Yes18 Sep 2022 at 16:49', 'receipted_message_id': 'None', 'status': 'response'}
INFO     [2022-09-18 16:51:45,687] Starting Reciever1
INFO     [2022-09-18 16:51:45,687] Starting Reciever2
INFO     [2022-09-18 16:51:45,704] Reciever2 Started
INFO     [2022-09-18 16:51:45,711] Reciever1 Started
INFO     [2022-09-18 16:52:06,116] SMS Recieved: {'destination_addr': '2424', 'sequence': 395149598, 'source_addr': '9687700779', 'short_message': 'id:0395149598 sub:000 dlvrd:000 submit date:2209181652 done date:2209181652 stat:UNDELIV err:201 Text:', 'receipted_message_id': '0395149598', 'status': 'UNDELIV'}
INFO     [2022-09-18 16:52:07,116] SMS Recieved: {'destination_addr': '2424', 'sequence': 628135006, 'source_addr': '96891148404', 'short_message': 'id:0628135006 sub:000 dlvrd:000 submit date:2209181652 done date:2209181652 stat:DELIVRD err:000 Text:\nAre \n1\n2\n3\nyou \n1\n2', 'receipted_message_id': '0628135006', 'status': 'DELIVRD'}
INFO     [2022-09-18 16:52:07,154] SMS Recieved: {'destination_addr': '2424', 'sequence': 395149601, 'source_addr': '96899252667', 'short_message': 'id:0395149601 sub:000 dlvrd:000 submit date:2209181652 done date:2209181652 stat:DELIVRD err:000 Text:', 'receipted_message_id': '0395149601', 'status': 'DELIVRD'}
INFO     [2022-09-18 16:52:07,178] SMS Recieved: {'destination_addr': '2424', 'sequence': 395149600, 'source_addr': '96877007708', 'short_message': 'id:0395149600 sub:000 dlvrd:000 submit date:7001010400 done date:2209181652 stat:DELIVRD err:000 Text:', 'receipted_message_id': '0395149600', 'status': 'DELIVRD'}
INFO     [2022-09-18 16:52:08,116] SMS Recieved: {'destination_addr': '2424', 'sequence': 628135008, 'source_addr': '96877007474', 'short_message': 'id:0628135008 sub:000 dlvrd:000 submit date:2209181652 done date:2209181652 stat:DELIVRD err:000 Text:\nAre \n1\n2\n3\nyou \n1\n2', 'receipted_message_id': '0628135008', 'status': 'DELIVRD'}
INFO     [2022-09-18 16:52:08,133] SMS Recieved: {'destination_addr': '2424', 'sequence': 628135007, 'source_addr': '96877007689', 'short_message': 'id:0628135007 sub:000 dlvrd:000 submit date:2209181652 done date:2209181652 stat:DELIVRD err:000 Text:\nAre \n1\n2\n3\nyou \n1\n2', 'receipted_message_id': '0628135007', 'status': 'DELIVRD'}
INFO     [2022-09-18 16:52:10,217] SMS Recieved: {'destination_addr': '2424', 'sequence': 628135009, 'source_addr': '96877007607', 'short_message': 'id:0628135009 sub:000 dlvrd:000 submit date:2209181652 done date:2209181652 stat:DELIVRD err:000 Text:\nAre \n1\n2\n3\nyou \n1\n2', 'receipted_message_id': '0628135009', 'status': 'DELIVRD'}
INFO     [2022-09-18 16:52:29,143] SMS Recieved: {'destination_addr': '2424', 'sequence': 395149671, 'source_addr': '96877007708', 'short_message': 'Yes18 Sep 2022 at 16:52', 'receipted_message_id': 'None', 'status': 'response'}
INFO     [2022-09-18 16:52:31,351] SMS Recieved: {'destination_addr': '2424', 'sequence': 269903301, 'source_addr': '96877007689', 'short_message': 'Hhh', 'receipted_message_id': 'None', 'status': 'response'}
INFO     [2022-09-18 16:52:35,848] SMS Recieved: {'destination_addr': '2424', 'sequence': 628135018, 'source_addr': '9687700779', 'short_message': 'id:0628135018 sub:000 dlvrd:000 submit date:2209181652 done date:2209181652 stat:UNDELIV err:201 Text:', 'receipted_message_id': '0628135018', 'status': 'UNDELIV'}
INFO     [2022-09-18 16:52:36,848] SMS Recieved: {'destination_addr': '2424', 'sequence': 395149685, 'source_addr': '96891148404', 'short_message': 'id:0395149685 sub:000 dlvrd:000 submit date:2209181652 done date:2209181652 stat:DELIVRD err:000 Text:\nAre \n1\n2\n3\nyou \n1\n2', 'receipted_message_id': '0395149685', 'status': 'DELIVRD'}
INFO     [2022-09-18 16:52:36,863] SMS Recieved: {'destination_addr': '2424', 'sequence': 395149686, 'source_addr': '96877007689', 'short_message': 'id:0395149686 sub:000 dlvrd:000 submit date:2209181652 done date:2209181652 stat:DELIVRD err:000 Text:\nAre \n1\n2\n3\nyou \n1\n2', 'receipted_message_id': '0395149686', 'status': 'DELIVRD'}
INFO     [2022-09-18 16:52:36,876] SMS Recieved: {'destination_addr': '2424', 'sequence': 628135019, 'source_addr': '96877007708', 'short_message': 'id:0628135019 sub:000 dlvrd:000 submit date:7001010400 done date:2209181652 stat:DELIVRD err:000 Text:', 'receipted_message_id': '0628135019', 'status': 'DELIVRD'}
INFO     [2022-09-18 16:52:36,887] SMS Recieved: {'destination_addr': '2424', 'sequence': 628135020, 'source_addr': '96899252667', 'short_message': 'id:0628135020 sub:000 dlvrd:000 submit date:2209181652 done date:2209181652 stat:DELIVRD err:000 Text:', 'receipted_message_id': '0628135020', 'status': 'DELIVRD'}
INFO     [2022-09-18 16:52:37,848] SMS Recieved: {'destination_addr': '2424', 'sequence': 395149688, 'source_addr': '96877007607', 'short_message': 'id:0395149688 sub:000 dlvrd:000 submit date:2209181652 done date:2209181652 stat:DELIVRD err:000 Text:\nAre \n1\n2\n3\nyou \n1\n2', 'receipted_message_id': '0395149688', 'status': 'DELIVRD'}
INFO     [2022-09-18 16:52:37,863] SMS Recieved: {'destination_addr': '2424', 'sequence': 395149687, 'source_addr': '96877007474', 'short_message': 'id:0395149687 sub:000 dlvrd:000 submit date:2209181652 done date:2209181652 stat:DELIVRD err:000 Text:\nAre \n1\n2\n3\nyou \n1\n2', 'receipted_message_id': '0395149687', 'status': 'DELIVRD'}
INFO     [2022-09-18 16:52:44,355] SMS Recieved: {'destination_addr': '2424', 'sequence': 395149716, 'source_addr': '96877007708', 'short_message': 'Yes18 Sep 2022 at 16:52', 'receipted_message_id': 'None', 'status': 'response'}
INFO     [2022-09-18 16:52:45,867] SMS Recieved: {'destination_addr': '2424', 'sequence': 269903323, 'source_addr': '96877007689', 'short_message': 'Hhhh', 'receipted_message_id': 'None', 'status': 'response'}
INFO     [2022-09-18 16:52:47,168] SMS Recieved: {'destination_addr': '2424', 'sequence': 606379881, 'source_addr': '96899252667', 'short_message': '\x06F\x069\x06E\x00 ', 'receipted_message_id': 'None', 'status': 'response'}
INFO     [2022-09-18 16:52:55,977] SMS Recieved: {'destination_addr': '2424', 'sequence': 269903347, 'source_addr': '96891148404', 'short_message': 'Hi', 'receipted_message_id': 'None', 'status': 'response'}
INFO     [2022-09-18 17:07:02,148] SMS Recieved: {'destination_addr': '2424', 'sequence': 395163696, 'source_addr': '9687700779', 'short_message': 'id:0395163696 sub:000 dlvrd:000 submit date:2209181707 done date:2209181707 stat:UNDELIV err:201 Text:\x05', 'receipted_message_id': '0395163696', 'status': 'UNDELIV'}
INFO     [2022-09-18 17:07:02,222] SMS Recieved: {'destination_addr': '2424', 'sequence': 395163697, 'source_addr': '9687700779', 'short_message': 'id:0395163697 sub:000 dlvrd:000 submit date:2209181707 done date:2209181707 stat:UNDELIV err:201 Text:\x05', 'receipted_message_id': '0395163697', 'status': 'UNDELIV'}
INFO     [2022-09-18 17:07:03,148] SMS Recieved: {'destination_addr': '2424', 'sequence': 628135093, 'source_addr': '96891148404', 'short_message': 'id:0628135093 sub:000 dlvrd:000 submit date:2209181707 done date:2209181707 stat:DELIVRD err:000 Text:\nDear Customer, than', 'receipted_message_id': '0628135093', 'status': 'DELIVRD'}
INFO     [2022-09-18 17:07:03,161] SMS Recieved: {'destination_addr': '2424', 'sequence': 395163719, 'source_addr': '96899252667', 'short_message': 'id:0395163719 sub:000 dlvrd:000 submit date:2209181707 done date:2209181707 stat:DELIVRD err:000 Text:\x05', 'receipted_message_id': '0395163719', 'status': 'DELIVRD'}
INFO     [2022-09-18 17:07:03,173] SMS Recieved: {'destination_addr': '2424', 'sequence': 395163732, 'source_addr': '96877007088', 'short_message': 'id:0395163732 sub:000 dlvrd:000 submit date:2209181707 done date:2209181707 stat:DELIVRD err:000 Text:\nDear Customer, than', 'receipted_message_id': '0395163732', 'status': 'DELIVRD'}
INFO     [2022-09-18 17:07:03,185] SMS Recieved: {'destination_addr': '2424', 'sequence': 395163724, 'source_addr': '96899252667', 'short_message': 'id:0395163724 sub:000 dlvrd:000 submit date:2209181707 done date:2209181707 stat:DELIVRD err:000 Text:\x05', 'receipted_message_id': '0395163724', 'status': 'DELIVRD'}
INFO     [2022-09-18 17:07:03,195] SMS Recieved: {'destination_addr': '2424', 'sequence': 628135097, 'source_addr': '96877007474', 'short_message': 'id:0628135097 sub:000 dlvrd:000 submit date:2209181707 done date:2209181707 stat:DELIVRD err:000 Text:\nDear Customer, than', 'receipted_message_id': '0628135097', 'status': 'DELIVRD'}
INFO     [2022-09-18 17:07:04,148] SMS Recieved: {'destination_addr': '2424', 'sequence': 628135096, 'source_addr': '96877007689', 'short_message': 'id:0628135096 sub:000 dlvrd:000 submit date:2209181707 done date:2209181707 stat:DELIVRD err:000 Text:\nDear Customer, than', 'receipted_message_id': '0628135096', 'status': 'DELIVRD'}
INFO     [2022-09-18 17:07:04,163] SMS Recieved: {'destination_addr': '2424', 'sequence': 395163705, 'source_addr': '96877007708', 'short_message': 'id:0395163705 sub:000 dlvrd:000 submit date:7001010400 done date:2209181707 stat:DELIVRD err:000 Text:', 'receipted_message_id': '0395163705', 'status': 'DELIVRD'}
INFO     [2022-09-18 17:07:05,147] SMS Recieved: {'destination_addr': '2424', 'sequence': 395163705, 'source_addr': '96877007708', 'short_message': 'id:0395163705 sub:000 dlvrd:000 submit date:7001010400 done date:2209181707 stat:DELIVRD err:000 Text:', 'receipted_message_id': '0395163705', 'status': 'DELIVRD'}
INFO     [2022-09-18 17:07:06,147] SMS Recieved: {'destination_addr': '2424', 'sequence': 628135098, 'source_addr': '96877007607', 'short_message': 'id:0628135098 sub:000 dlvrd:000 submit date:2209181707 done date:2209181707 stat:DELIVRD err:000 Text:\nDear Customer, than', 'receipted_message_id': '0628135098', 'status': 'DELIVRD'}
INFO     [2022-09-18 17:07:41,987] SMS Recieved: {'destination_addr': '2424', 'sequence': 271835281, 'source_addr': '96877007088', 'short_message': '1', 'receipted_message_id': 'None', 'status': 'response'}
INFO     [2022-09-18 17:07:48,297] SMS Recieved: {'destination_addr': '2424', 'sequence': 538668575, 'source_addr': '96877007088', 'short_message': '2', 'receipted_message_id': 'None', 'status': 'response'}
INFO     [2022-09-18 17:07:58,306] SMS Recieved: {'destination_addr': '2424', 'sequence': 395164904, 'source_addr': '96877007708', 'short_message': 'Yes', 'receipted_message_id': 'None', 'status': 'response'}
INFO     [2022-09-18 17:09:34,219] SMS Recieved: {'destination_addr': '2424', 'sequence': 395166946, 'source_addr': '9687700779', 'short_message': 'id:0395166946 sub:000 dlvrd:000 submit date:2209181709 done date:2209181709 stat:UNDELIV err:201 Text:\x05', 'receipted_message_id': '0395166946', 'status': 'UNDELIV'}
INFO     [2022-09-18 17:09:34,230] SMS Recieved: {'destination_addr': '2424', 'sequence': 395166953, 'source_addr': '9687700779', 'short_message': 'id:0395166953 sub:000 dlvrd:000 submit date:2209181709 done date:2209181709 stat:UNDELIV err:201 Text:\x05', 'receipted_message_id': '0395166953', 'status': 'UNDELIV'}
INFO     [2022-09-18 17:09:35,219] SMS Recieved: {'destination_addr': '2424', 'sequence': 395166968, 'source_addr': '96899252667', 'short_message': 'id:0395166968 sub:000 dlvrd:000 submit date:2209181709 done date:2209181709 stat:DELIVRD err:000 Text:\x05', 'receipted_message_id': '0395166968', 'status': 'DELIVRD'}
INFO     [2022-09-18 17:09:35,240] SMS Recieved: {'destination_addr': '2424', 'sequence': 395166972, 'source_addr': '96877007088', 'short_message': 'id:0395166972 sub:000 dlvrd:000 submit date:2209181709 done date:2209181709 stat:DELIVRD err:000 Text:\nDear Customer, than', 'receipted_message_id': '0395166972', 'status': 'DELIVRD'}
INFO     [2022-09-18 17:09:35,260] SMS Recieved: {'destination_addr': '2424', 'sequence': 395166969, 'source_addr': '96899252667', 'short_message': 'id:0395166969 sub:000 dlvrd:000 submit date:2209181709 done date:2209181709 stat:DELIVRD err:000 Text:\x05', 'receipted_message_id': '0395166969', 'status': 'DELIVRD'}
INFO     [2022-09-18 17:09:35,278] SMS Recieved: {'destination_addr': '2424', 'sequence': 628135101, 'source_addr': '96877007474', 'short_message': 'id:0628135101 sub:000 dlvrd:000 submit date:2209181709 done date:2209181709 stat:DELIVRD err:000 Text:\nDear Customer, than', 'receipted_message_id': '0628135101', 'status': 'DELIVRD'}
INFO     [2022-09-18 17:09:35,292] SMS Recieved: {'destination_addr': '2424', 'sequence': 395166983, 'source_addr': '96877007666', 'short_message': 'id:0395166983 sub:000 dlvrd:000 submit date:2209181709 done date:2209181709 stat:DELIVRD err:000 Text:\nDear Customer, than', 'receipted_message_id': '0395166983', 'status': 'DELIVRD'}
INFO     [2022-09-18 17:09:35,309] SMS Recieved: {'destination_addr': '2424', 'sequence': 395166956, 'source_addr': '96877007708', 'short_message': 'id:0395166956 sub:000 dlvrd:000 submit date:7001010400 done date:2209181709 stat:DELIVRD err:000 Text:', 'receipted_message_id': '0395166956', 'status': 'DELIVRD'}
INFO     [2022-09-18 17:09:35,326] SMS Recieved: {'destination_addr': '2424', 'sequence': 628135103, 'source_addr': '96877007100', 'short_message': 'id:0628135103 sub:000 dlvrd:000 submit date:2209181709 done date:2209181709 stat:DELIVRD err:000 Text:\nDear Customer, than', 'receipted_message_id': '0628135103', 'status': 'DELIVRD'}
INFO     [2022-09-18 17:09:36,219] SMS Recieved: {'destination_addr': '2424', 'sequence': 395166956, 'source_addr': '96877007708', 'short_message': 'id:0395166956 sub:000 dlvrd:000 submit date:7001010400 done date:2209181709 stat:DELIVRD err:000 Text:', 'receipted_message_id': '0395166956', 'status': 'DELIVRD'}
INFO     [2022-09-18 17:09:36,238] SMS Recieved: {'destination_addr': '2424', 'sequence': 628135099, 'source_addr': '96891148404', 'short_message': 'id:0628135099 sub:000 dlvrd:000 submit date:2209181709 done date:2209181709 stat:DELIVRD err:000 Text:\nDear Customer, than', 'receipted_message_id': '0628135099', 'status': 'DELIVRD'}
INFO     [2022-09-18 17:09:36,247] SMS Recieved: {'destination_addr': '2424', 'sequence': 628135100, 'source_addr': '96877007689', 'short_message': 'id:0628135100 sub:000 dlvrd:000 submit date:2209181709 done date:2209181709 stat:DELIVRD err:000 Text:\nDear Customer, than', 'receipted_message_id': '0628135100', 'status': 'DELIVRD'}
INFO     [2022-09-18 17:09:38,520] SMS Recieved: {'destination_addr': '2424', 'sequence': 628135102, 'source_addr': '96877007607', 'short_message': 'id:0628135102 sub:000 dlvrd:000 submit date:2209181709 done date:2209181709 stat:DELIVRD err:000 Text:\nDear Customer, than', 'receipted_message_id': '0628135102', 'status': 'DELIVRD'}
INFO     [2022-09-18 17:09:58,742] SMS Recieved: {'destination_addr': '2424', 'sequence': 395167573, 'source_addr': '96877007708', 'short_message': '\x06F\x069\x06E', 'receipted_message_id': 'None', 'status': 'response'}
INFO     [2022-09-18 17:11:25,322] SMS Recieved: {'destination_addr': '2424', 'sequence': 536972172, 'source_addr': '96891148404', 'short_message': 'Yes', 'receipted_message_id': 'None', 'status': 'response'}
INFO     [2022-09-18 17:12:13,183] SMS Recieved: {'destination_addr': '2424', 'sequence': 269905986, 'source_addr': '96877007689', 'short_message': 'No', 'receipted_message_id': 'None', 'status': 'response'}
INFO     [2022-09-18 17:15:42,785] SMS Recieved: {'destination_addr': '2424', 'sequence': 538669551, 'source_addr': '96877007088', 'short_message': '1', 'receipted_message_id': 'None', 'status': 'response'}
INFO     [2022-09-18 17:16:25,306] SMS Recieved: {'destination_addr': '2424', 'sequence': 606381889, 'source_addr': '96877007100', 'short_message': '1', 'receipted_message_id': 'None', 'status': 'response'}
INFO     [2022-09-18 17:16:51,836] SMS Recieved: {'destination_addr': '2424', 'sequence': 536972305, 'source_addr': '96877007666', 'short_message': '1', 'receipted_message_id': 'None', 'status': 'response'}
INFO     [2022-09-19 09:17:59,878] SMS Recieved: {'destination_addr': '2424', 'sequence': 270024963, 'source_addr': '96877007607', 'short_message': 'No', 'receipted_message_id': 'None', 'status': 'response'}
